<?xml version="1.0" encoding="UTF-8"?>
<!-- Generated by org.testng.reporters.JUnitReportReporter -->
<testsuite hostname="DESKTOP-8CEJNNS" failures="0" tests="2" name="CapstoneProject.automationexercise.RegisterUser" time="27.091" errors="0" timestamp="2023-06-20T12:57:48 IST" skipped="0">
  <testcase classname="CapstoneProject.automationexercise.RegisterUser" name="testAutomationFlow" time="10.847"/>
  <system-out/>
  <testcase classname="CapstoneProject.automationexercise.RegisterUser" name="testAccountCreation" time="16.244"/>
  <system-out/>
</testsuite> <!-- CapstoneProject.automationexercise.RegisterUser -->
