<?xml version="1.0" encoding="UTF-8"?>
<!-- Generated by org.testng.reporters.JUnitReportReporter -->
<testsuite hostname="DESKTOP-8CEJNNS" failures="0" tests="1" name="CapstoneProject.automationexercise.AddReview" time="25.992" errors="0" timestamp="2023-06-20T11:31:17 IST" skipped="0">
  <testcase classname="CapstoneProject.automationexercise.AddReview" name="testWriteReview" time="25.992"/>
  <system-out/>
</testsuite> <!-- CapstoneProject.automationexercise.AddReview -->
