<?xml version="1.0" encoding="UTF-8"?>
<!-- Generated by org.testng.reporters.JUnitReportReporter -->
<testsuite hostname="DESKTOP-8CEJNNS" failures="0" tests="2" name="CapstoneProject.automationexercise.AutomationTest" time="21.416" errors="0" timestamp="2023-06-18T16:09:19 IST" skipped="0">
  <testcase classname="CapstoneProject.automationexercise.AutomationTest" name="testAutomationFlow" time="8.029"/>
  <system-out/>
  <testcase classname="CapstoneProject.automationexercise.AutomationTest" name="testAccountCreation" time="13.387"/>
  <system-out/>
</testsuite> <!-- CapstoneProject.automationexercise.AutomationTest -->
