<?xml version="1.0" encoding="UTF-8"?>
<!-- Generated by org.testng.reporters.JUnitReportReporter -->
<testsuite hostname="DESKTOP-8CEJNNS" failures="0" tests="1" name="CapstoneProject.automationexercise.incorrectEmailPassword" time="10.371" errors="0" timestamp="2023-06-20T11:22:38 IST" skipped="0">
  <testcase classname="CapstoneProject.automationexercise.incorrectEmailPassword" name="testLoginAndVerifyErrorMessage" time="10.371"/>
  <system-out/>
</testsuite> <!-- CapstoneProject.automationexercise.incorrectEmailPassword -->
